<?xml version="1.0" encoding="UTF-8"?>
<!-- Generated by org.testng.reporters.JUnitReportReporter -->
<testsuite hostname="LAPTOP-DABG7B44" failures="0" tests="4" name="org.testNG.TestNG_InvoocationCount" time="10.784" errors="0" timestamp="2024-11-23T12:59:47 IST" skipped="0">
  <testcase classname="org.testNG.TestNG_InvoocationCount" name="launch_test1" time="1.743"/>
  <testcase classname="org.testNG.TestNG_InvoocationCount" name="launch_test2" time="2.054"/>
  <testcase classname="org.testNG.TestNG_InvoocationCount" name="launch_test1" time="3.471"/>
  <testcase classname="org.testNG.TestNG_InvoocationCount" name="launch_test2" time="3.516"/>
</testsuite> <!-- org.testNG.TestNG_InvoocationCount -->
