<?xml version="1.0" encoding="UTF-8"?>
<!-- Generated by org.testng.reporters.JUnitReportReporter -->
<testsuite hostname="LAPTOP-DABG7B44" failures="0" tests="2" name="org.AdactinProject.Junit.AdactinProjectRun" time="0.036" errors="0" timestamp="2024-11-25T14:19:56 IST" skipped="0">
  <testcase classname="org.AdactinProject.Junit.AdactinProjectRun" name="EndTime" time="0.034"/>
  <testcase classname="org.AdactinProject.Junit.AdactinProjectRun" name="completion" time="0.002"/>
</testsuite> <!-- org.AdactinProject.Junit.AdactinProjectRun -->
