<?xml version="1.0" encoding="UTF-8"?>
<!-- Generated by org.testng.reporters.JUnitReportReporter -->
<testsuite hostname="LAPTOP-DABG7B44" failures="0" tests="4" name="org.testNG.TestNG_Priority" time="0.024" errors="0" timestamp="2024-11-23T12:36:59 IST" skipped="0">
  <testcase classname="org.testNG.TestNG_Priority" name="javaProgram_Multiplication" time="0.008"/>
  <testcase classname="org.testNG.TestNG_Priority" name="javaProgram_Addition" time="0.003"/>
  <testcase classname="org.testNG.TestNG_Priority" name="javaProgram_Division" time="0.007"/>
  <testcase classname="org.testNG.TestNG_Priority" name="javaProgram_Subtraction" time="0.006"/>
</testsuite> <!-- org.testNG.TestNG_Priority -->
