<?xml version="1.0" encoding="UTF-8"?>
<!-- Generated by org.testng.reporters.JUnitReportReporter -->
<testsuite hostname="LAPTOP-DABG7B44" failures="0" tests="1" name="org.testNG.simple_01" time="0.005" errors="0" timestamp="2024-11-23T12:35:56 IST" skipped="0">
  <testcase classname="org.testNG.simple_01" name="test5" time="0.005"/>
</testsuite> <!-- org.testNG.simple_01 -->
